<?xml version="1.0" encoding="UTF-8"?>
<!-- Generated by org.testng.reporters.JUnitReportReporter -->
<testsuite skipped="0" hostname="IN-IT10813" name="Demo" tests="2" failures="0" timestamp="2023-02-23T13:46:33 IST" time="5.420" errors="0">
  <testcase name="phoneNumbersTest" time="3.809" classname="Demo"/>
  <system-out/>
  <testcase name="phoneNumbersTypeTest" time="1.611" classname="Demo"/>
  <system-out/>
</testsuite> <!-- Demo -->
