<?xml version="1.0" encoding="UTF-8"?>
<!-- Generated by org.testng.reporters.JUnitReportReporter -->
<testsuite skipped="0" hostname="IN-IT10813" name="testscripts.FMC_Test3" tests="1" failures="0" timestamp="2023-03-01T19:51:56 IST" time="10.257" errors="0">
  <testcase name="emailSignUp" time="10.257" classname="testscripts.FMC_Test3"/>
  <system-out/>
</testsuite> <!-- testscripts.FMC_Test3 -->
