<?xml version="1.0" encoding="UTF-8"?>
<!-- Generated by org.testng.reporters.JUnitReportReporter -->
<testsuite skipped="0" hostname="IN-IT10813" name="testscripts.FMC_Test" tests="1" failures="0" timestamp="2023-02-25T13:07:22 IST" time="7.138" errors="0">
  <testcase name="signupTest" time="7.138" classname="testscripts.FMC_Test"/>
  <system-out/>
</testsuite> <!-- testscripts.FMC_Test -->
