<?xml version="1.0" encoding="UTF-8"?>
<!-- Generated by org.testng.reporters.JUnitReportReporter -->
<testsuite skipped="0" hostname="IN-IT10813" name="testscripts.CreateBookingJsonTest" tests="1" failures="0" timestamp="2023-02-25T09:53:13 IST" time="5.141" errors="0">
  <testcase name="createBookingTestWithJSONObject" time="5.141" classname="testscripts.CreateBookingJsonTest"/>
  <system-out/>
</testsuite> <!-- testscripts.CreateBookingJsonTest -->
