<?xml version="1.0" encoding="UTF-8"?>
<!-- Generated by org.testng.reporters.JUnitReportReporter -->
<testsuite skipped="0" hostname="IN-IT10813" name="testscripts.FMC_Test2" tests="3" failures="0" timestamp="2023-02-25T23:31:25 IST" time="6.382" errors="0">
  <testcase name="createToken" time="1.722" classname="testscripts.FMC_Test2"/>
  <system-out/>
  <testcase name="emailSignUp" time="4.127" classname="testscripts.FMC_Test2"/>
  <system-out/>
  <testcase name="verifyOtp" time="0.533" classname="testscripts.FMC_Test2"/>
  <system-out/>
</testsuite> <!-- testscripts.FMC_Test2 -->
