<?xml version="1.0" encoding="UTF-8"?>
<!-- Generated by org.testng.reporters.JUnitReportReporter -->
<testsuite skipped="0" hostname="IN-IT10813" name="testscripts.FMCReports" tests="3" failures="0" timestamp="2023-03-01T23:35:15 IST" time="3.284" errors="0">
  <testcase name="verfiyAddReportTest" time="0.994" classname="testscripts.FMCReports"/>
  <system-out/>
  <testcase name="verifyGetReportTest" time="1.244" classname="testscripts.FMCReports"/>
  <system-out/>
  <testcase name="verifyDeleteReportTest" time="1.046" classname="testscripts.FMCReports"/>
  <system-out/>
</testsuite> <!-- testscripts.FMCReports -->
