<?xml version="1.0" encoding="UTF-8"?>
<!-- Generated by org.testng.reporters.JUnitReportReporter -->
<testsuite skipped="1" hostname="IN-IT10813" name="testscripts.CreateBookingTest" tests="8" failures="0" timestamp="2023-02-23T14:17:00 IST" time="25.335" errors="0">
  <testcase name="createBookingTestWithPOJO" time="3.287" classname="testscripts.CreateBookingTest"/>
  <system-out/>
  <testcase name="getAllBookindTest" time="3.157" classname="testscripts.CreateBookingTest"/>
  <system-out/>
  <testcase name="getBookindIdTest" time="3.004" classname="testscripts.CreateBookingTest"/>
  <system-out/>
  <testcase name="getBookindIdDeserealisedTest" time="5.241" classname="testscripts.CreateBookingTest"/>
  <system-out/>
  <testcase name="updateBookindIdDeserealisedTest" time="2.852" classname="testscripts.CreateBookingTest"/>
  <system-out/>
  <testcase name="updatePartialBookingIdTest" time="2.939" classname="testscripts.CreateBookingTest"/>
  <system-out/>
  <testcase name="DeleteBookingTest" time="4.855" classname="testscripts.CreateBookingTest"/>
  <system-out/>
  <testcase name="createBookingTest" classname="testscripts.CreateBookingTest">
    <skipped/>
  </testcase> <!-- createBookingTest -->
  <system-out/>
</testsuite> <!-- testscripts.CreateBookingTest -->
