<?xml version="1.0" encoding="UTF-8"?>
<!-- Generated by org.testng.reporters.JUnitReportReporter -->
<testsuite hostname="IN-IT10813" failures="0" tests="1" name="Test1" time="0.008" errors="0" timestamp="2023-02-18T09:59:10 IST" skipped="0">
  <testcase classname="Test1" name="printName" time="0.008"/>
  <system-out/>
</testsuite> <!-- Test1 -->
